<?xml version="1.0" encoding="UTF-8"?>
<coverage generated="1510095152935" clover="3.2.0">
  <project timestamp="1510095152936" name="All files">
    <metrics statements="12" coveredstatements="11" conditionals="0" coveredconditionals="0" methods="8" coveredmethods="7" elements="20" coveredelements="18" complexity="0" loc="12" ncloc="12" packages="1" files="1" classes="1">
      <file name="taskstore.js" path="/Users/melodylee1/Desktop/go/src/github.com/leemeli/info344-in-class/nodedb/taskstore.js">
        <metrics statements="12" coveredstatements="11" conditionals="0" coveredconditionals="0" methods="8" coveredmethods="7"/>
        <line num="5" count="1" type="stmt"/>
        <line num="9" count="1" type="stmt"/>
        <line num="12" count="1" type="stmt"/>
        <line num="13" count="1" type="stmt"/>
        <line num="14" count="1" type="stmt"/>
        <line num="18" count="1" type="stmt"/>
        <line num="21" count="1" type="stmt"/>
        <line num="25" count="1" type="stmt"/>
        <line num="28" count="2" type="stmt"/>
        <line num="31" count="1" type="stmt"/>
        <line num="34" count="0" type="stmt"/>
        <line num="40" count="1" type="stmt"/>
      </file>
    </metrics>
  </project>
</coverage>
