TN:
SF:/Users/melodylee1/Desktop/go/src/github.com/leemeli/info344-in-class/nodedb/taskstore.js
FN:8,(anonymous_0)
FN:11,(anonymous_1)
FN:14,(anonymous_2)
FN:17,(anonymous_3)
FN:25,(anonymous_4)
FN:27,(anonymous_5)
FN:30,(anonymous_6)
FN:33,(anonymous_7)
FNF:8
FNH:7
FNDA:1,(anonymous_0)
FNDA:1,(anonymous_1)
FNDA:1,(anonymous_2)
FNDA:1,(anonymous_3)
FNDA:1,(anonymous_4)
FNDA:2,(anonymous_5)
FNDA:1,(anonymous_6)
FNDA:0,(anonymous_7)
DA:5,1
DA:9,1
DA:12,1
DA:13,1
DA:14,1
DA:18,1
DA:21,1
DA:25,1
DA:28,2
DA:31,1
DA:34,0
DA:40,1
LF:12
LH:11
BRF:0
BRH:0
end_of_record
